<?xml version="1.0" encoding="UTF-8"?>
<testng-results skipped="0" failed="0" total="1" passed="1">
  <reporter-output>
  </reporter-output>
  <suite name="Suite3" duration-ms="66306" started-at="2019-02-09T12:53:10Z" finished-at="2019-02-09T12:54:16Z">
    <groups>
    </groups>
    <test name="Regression3" duration-ms="66306" started-at="2019-02-09T12:53:10Z" finished-at="2019-02-09T12:54:16Z">
      <class name="GenericLearning.CKH_Admin_Login">
        <test-method status="PASS" signature="CKH_Admin_Login_BeforeMethod()[pri:0, instance:GenericLearning.CKH_Admin_Login@4e1d422d]" name="CKH_Admin_Login_BeforeMethod" is-config="true" duration-ms="3911" started-at="2019-02-09T18:23:10Z" finished-at="2019-02-09T18:23:14Z">
          <reporter-output>
          </reporter-output>
        </test-method> <!-- CKH_Admin_Login_BeforeMethod -->
        <test-method status="PASS" signature="CKH_Admin_Login_Method()[pri:0, instance:GenericLearning.CKH_Admin_Login@4e1d422d]" name="CKH_Admin_Login_Method" duration-ms="62260" started-at="2019-02-09T18:23:14Z" finished-at="2019-02-09T18:24:16Z">
          <reporter-output>
          </reporter-output>
        </test-method> <!-- CKH_Admin_Login_Method -->
        <test-method status="PASS" signature="CKH_Admin_Login_AfterMethod()[pri:0, instance:GenericLearning.CKH_Admin_Login@4e1d422d]" name="CKH_Admin_Login_AfterMethod" is-config="true" duration-ms="120" started-at="2019-02-09T18:24:16Z" finished-at="2019-02-09T18:24:16Z">
          <reporter-output>
          </reporter-output>
        </test-method> <!-- CKH_Admin_Login_AfterMethod -->
      </class> <!-- GenericLearning.CKH_Admin_Login -->
    </test> <!-- Regression3 -->
  </suite> <!-- Suite3 -->
</testng-results>
